<?xml version="1.0" encoding="UTF-8"?>
<!-- Generated by org.testng.reporters.JUnitReportReporter -->
<testsuite skipped="0" hostname="codeLover" name="stepdefinition_weight_watchers.SharedSD2" tests="1" failures="0" timestamp="15 Jul 2019 22:47:00 GMT" time="7.773" errors="0">
  <testcase name="before" time="7.773" classname="stepdefinition_weight_watchers.SharedSD2"/>
</testsuite> <!-- stepdefinition_weight_watchers.SharedSD2 -->
